2020-09-27T13:31:46+00:00 CRITICAL Uncaught Error: Call to undefined function get_the_price() in /Applications/MAMP/htdocs/Teabah/wp-content/themes/Teabah/template-home.php:207
Stack trace:
#0 /Applications/MAMP/htdocs/Teabah/wp-includes/template-loader.php(106): include()
#1 /Applications/MAMP/htdocs/Teabah/wp-blog-header.php(19): require_once('/Applications/M...')
#2 /Applications/MAMP/htdocs/Teabah/index.php(17): require('/Applications/M...')
#3 {main}
  thrown in /Applications/MAMP/htdocs/Teabah/wp-content/themes/Teabah/template-home.php on line 207

2020-09-27T13:34:28+00:00 CRITICAL Uncaught Error: Call to undefined function get_price() in /Applications/MAMP/htdocs/Teabah/wp-content/themes/Teabah/template-home.php:206
Stack trace:
#0 /Applications/MAMP/htdocs/Teabah/wp-includes/template-loader.php(106): include()
#1 /Applications/MAMP/htdocs/Teabah/wp-blog-header.php(19): require_once('/Applications/M...')
#2 /Applications/MAMP/htdocs/Teabah/index.php(17): require('/Applications/M...')
#3 {main}
  thrown in /Applications/MAMP/htdocs/Teabah/wp-content/themes/Teabah/template-home.php on line 206

2020-09-27T13:38:28+00:00 CRITICAL Uncaught Error: Call to undefined function get_price_html() in /Applications/MAMP/htdocs/Teabah/wp-content/themes/Teabah/template-home.php:210
Stack trace:
#0 /Applications/MAMP/htdocs/Teabah/wp-includes/template-loader.php(106): include()
#1 /Applications/MAMP/htdocs/Teabah/wp-blog-header.php(19): require_once('/Applications/M...')
#2 /Applications/MAMP/htdocs/Teabah/index.php(17): require('/Applications/M...')
#3 {main}
  thrown in /Applications/MAMP/htdocs/Teabah/wp-content/themes/Teabah/template-home.php on line 210

